# JRE version: OpenJDK Runtime Environment (17.0.7) (build 17.0.7+0-b2043.56-10550314)
# Java VM: OpenJDK 64-Bit Server VM (17.0.7+0-b2043.56-10550314, mixed mode, tiered, compressed oops, compressed class ptrs, g1 gc, windows-amd64)
GC Precious Log:
 CPUs: 8 total, 8 available
 Memory: 7069M
 Large Page Support: Disabled
 NUMA Support: Disabled
 Compressed Oops: Enabled (32-bit)
 Heap Region Size: 1M
 Heap Min Capacity: 8M
 Heap Initial Capacity: 112M
 Heap Max Capacity: 2G
 Pre-touch: Disabled
 Parallel Workers: 8
 Concurrent Workers: 2
 Concurrent Refinement Workers: 8
 Periodic GC: Disabled
Heap:
 garbage-first heap   total 403456K, used 286873K [0x0000000080000000, 0x0000000100000000)
  region size 1024K, 72 young (73728K), 13 survivors (13312K)
 Metaspace       used 175030K, committed 176192K, reserved 1245184K
  class space    used 22621K, committed 23168K, reserved 1048576K
GC Heap History (20 events):
Event: 85.143 GC heap before
{Heap before GC invocations=96 (full 0):
 garbage-first heap   total 360448K, used 305465K [0x0000000080000000, 0x0000000100000000)
  region size 1024K, 94 young (96256K), 2 survivors (2048K)
 Metaspace       used 161197K, committed 162176K, reserved 1245184K
  class space    used 21181K, committed 21632K, reserved 1048576K
}
Event: 85.150 GC heap after
{Heap after GC invocations=97 (full 0):
 garbage-first heap   total 360448K, used 215459K [0x0000000080000000, 0x0000000100000000)
  region size 1024K, 8 young (8192K), 8 survivors (8192K)
 Metaspace       used 161197K, committed 162176K, reserved 1245184K
  class space    used 21181K, committed 21632K, reserved 1048576K
}
Event: 85.205 GC heap before
{Heap before GC invocations=97 (full 0):
 garbage-first heap   total 360448K, used 224675K [0x0000000080000000, 0x0000000100000000)
  region size 1024K, 17 young (17408K), 8 survivors (8192K)
 Metaspace       used 161213K, committed 162176K, reserved 1245184K
  class space    used 21181K, committed 21632K, reserved 1048576K
}
Event: 85.214 GC heap after
{Heap after GC invocations=98 (full 0):
 garbage-first heap   total 360448K, used 212991K [0x0000000080000000, 0x0000000100000000)
  region size 1024K, 1 young (1024K), 1 survivors (1024K)
 Metaspace       used 161213K, committed 162176K, reserved 1245184K
  class space    used 21181K, committed 21632K, reserved 1048576K
}
Event: 85.705 GC heap before
{Heap before GC invocations=98 (full 0):
 garbage-first heap   total 360448K, used 306175K [0x0000000080000000, 0x0000000100000000)
  region size 1024K, 92 young (94208K), 1 survivors (1024K)
 Metaspace       used 161218K, committed 162176K, reserved 1245184K
  class space    used 21181K, committed 21632K, reserved 1048576K
}
Event: 85.707 GC heap after
{Heap after GC invocations=99 (full 0):
 garbage-first heap   total 360448K, used 212476K [0x0000000080000000, 0x0000000100000000)
  region size 1024K, 1 young (1024K), 1 survivors (1024K)
 Metaspace       used 161218K, committed 162176K, reserved 1245184K
  class space    used 21181K, committed 21632K, reserved 1048576K
}
Event: 86.247 GC heap before
{Heap before GC invocations=99 (full 0):
 garbage-first heap   total 360448K, used 308732K [0x0000000080000000, 0x0000000100000000)
  region size 1024K, 95 young (97280K), 1 survivors (1024K)
 Metaspace       used 161241K, committed 162176K, reserved 1245184K
  class space    used 21182K, committed 21632K, reserved 1048576K
}
Event: 86.248 GC heap after
{Heap after GC invocations=100 (full 0):
 garbage-first heap   total 360448K, used 212595K [0x0000000080000000, 0x0000000100000000)
  region size 1024K, 1 young (1024K), 1 survivors (1024K)
 Metaspace       used 161241K, committed 162176K, reserved 1245184K
  class space    used 21182K, committed 21632K, reserved 1048576K
}
Event: 86.671 GC heap before
{Heap before GC invocations=100 (full 0):
 garbage-first heap   total 360448K, used 264819K [0x0000000080000000, 0x0000000100000000)
  region size 1024K, 54 young (55296K), 1 survivors (1024K)
 Metaspace       used 163261K, committed 164224K, reserved 1245184K
  class space    used 21404K, committed 21824K, reserved 1048576K
}
Event: 86.674 GC heap after
{Heap after GC invocations=101 (full 0):
 garbage-first heap   total 360448K, used 211752K [0x0000000080000000, 0x0000000100000000)
  region size 1024K, 2 young (2048K), 2 survivors (2048K)
 Metaspace       used 163261K, committed 164224K, reserved 1245184K
  class space    used 21404K, committed 21824K, reserved 1048576K
}
Event: 98.678 GC heap before
{Heap before GC invocations=102 (full 0):
 garbage-first heap   total 363520K, used 313128K [0x0000000080000000, 0x0000000100000000)
  region size 1024K, 101 young (103424K), 2 survivors (2048K)
 Metaspace       used 167219K, committed 168128K, reserved 1245184K
  class space    used 21682K, committed 22080K, reserved 1048576K
}
Event: 98.686 GC heap after
{Heap after GC invocations=103 (full 0):
 garbage-first heap   total 363520K, used 216374K [0x0000000080000000, 0x0000000100000000)
  region size 1024K, 7 young (7168K), 7 survivors (7168K)
 Metaspace       used 167219K, committed 168128K, reserved 1245184K
  class space    used 21682K, committed 22080K, reserved 1048576K
}
Event: 98.839 GC heap before
{Heap before GC invocations=103 (full 0):
 garbage-first heap   total 363520K, used 225590K [0x0000000080000000, 0x0000000100000000)
  region size 1024K, 17 young (17408K), 7 survivors (7168K)
 Metaspace       used 167249K, committed 168192K, reserved 1245184K
  class space    used 21684K, committed 22080K, reserved 1048576K
}
Event: 98.934 GC heap after
{Heap after GC invocations=104 (full 0):
 garbage-first heap   total 363520K, used 213700K [0x0000000080000000, 0x0000000100000000)
  region size 1024K, 1 young (1024K), 1 survivors (1024K)
 Metaspace       used 167249K, committed 168192K, reserved 1245184K
  class space    used 21684K, committed 22080K, reserved 1048576K
}
Event: 101.129 GC heap before
{Heap before GC invocations=104 (full 0):
 garbage-first heap   total 363520K, used 312004K [0x0000000080000000, 0x0000000100000000)
  region size 1024K, 98 young (100352K), 1 survivors (1024K)
 Metaspace       used 167424K, committed 168320K, reserved 1245184K
  class space    used 21686K, committed 22080K, reserved 1048576K
}
Event: 101.133 GC heap after
{Heap after GC invocations=105 (full 0):
 garbage-first heap   total 363520K, used 215208K [0x0000000080000000, 0x0000000100000000)
  region size 1024K, 3 young (3072K), 3 survivors (3072K)
 Metaspace       used 167424K, committed 168320K, reserved 1245184K
  class space    used 21686K, committed 22080K, reserved 1048576K
}
Event: 108.182 GC heap before
{Heap before GC invocations=105 (full 0):
 garbage-first heap   total 363520K, used 313512K [0x0000000080000000, 0x0000000100000000)
  region size 1024K, 100 young (102400K), 3 survivors (3072K)
 Metaspace       used 169934K, committed 170880K, reserved 1245184K
  class space    used 21973K, committed 22400K, reserved 1048576K
}
Event: 108.265 GC heap after
{Heap after GC invocations=106 (full 0):
 garbage-first heap   total 363520K, used 221453K [0x0000000080000000, 0x0000000100000000)
  region size 1024K, 9 young (9216K), 9 survivors (9216K)
 Metaspace       used 169934K, committed 170880K, reserved 1245184K
  class space    used 21973K, committed 22400K, reserved 1048576K
}
Event: 220.340 GC heap before
{Heap before GC invocations=106 (full 0):
 garbage-first heap   total 363520K, used 312589K [0x0000000080000000, 0x0000000100000000)
  region size 1024K, 98 young (100352K), 9 survivors (9216K)
 Metaspace       used 173188K, committed 174272K, reserved 1245184K
  class space    used 22392K, committed 22912K, reserved 1048576K
}
Event: 220.562 GC heap after
{Heap after GC invocations=107 (full 0):
 garbage-first heap   total 363520K, used 227481K [0x0000000080000000, 0x0000000100000000)
  region size 1024K, 13 young (13312K), 13 survivors (13312K)
 Metaspace       used 173188K, committed 174272K, reserved 1245184K
  class space    used 22392K, committed 22912K, reserved 1048576K
}

